=============         NetList Result Report          ===========
JOB          : w156819asz2                   JOB   : w156819asz2         
STEP         : orig                STEP  : edit     
Date         : 2018-09-10 19:25:52             User  : 0        

--------------------------------------------------------------  
Mismatch Type: Shorted
Total : 0
--------------------------------------------------------------  
Mismatch Type: Broken
Total : 0
--------------------------------------------------------------
Mismatch Type: Missing
Total : 0
--------------------------------------------------------------
Mismatch Type: Extra
Total : 0
--------------------------------------------------------------
============================End===============================


=============    Min line NetList Result Report    ===========
JOB          : w156819asz2                   JOB   : w156819asz2         
STEP         : orig                STEP  : edit     
Date         : 2018-09-10 19:25:52             User  : 0        

Layer name: tl    Min line size:5 mil
Layer name: bl    Min line size:5 mil
--------------------------------------------------------------  
Mismatch Type: Shorted
Total : 0
--------------------------------------------------------------  
Mismatch Type: Broken
Total : 0
--------------------------------------------------------------
Mismatch Type: Missing
Total : 0
--------------------------------------------------------------
Mismatch Type: Extra
Total : 0
--------------------------------------------------------------
============================End===============================


=============         NetList Result Report          ===========
JOB          : w156819asz2                   JOB   : w156819asz2         
STEP         : orig                STEP  : edit     
Date         : 2018-09-10 19:27:54             User  : 0        

--------------------------------------------------------------  
Mismatch Type: Shorted
Total : 0
--------------------------------------------------------------  
Mismatch Type: Broken
Total : 0
--------------------------------------------------------------
Mismatch Type: Missing
Total : 0
--------------------------------------------------------------
Mismatch Type: Extra
Total : 0
--------------------------------------------------------------
============================End===============================


=============    Min line NetList Result Report    ===========
JOB          : w156819asz2                   JOB   : w156819asz2         
STEP         : orig                STEP  : edit     
Date         : 2018-09-10 19:27:54             User  : 0        

Layer name: tl    Min line size:5 mil
Layer name: bl    Min line size:5 mil
--------------------------------------------------------------  
Mismatch Type: Shorted
Total : 0
--------------------------------------------------------------  
Mismatch Type: Broken
Total : 0
--------------------------------------------------------------
Mismatch Type: Missing
Total : 0
--------------------------------------------------------------
Mismatch Type: Extra
Total : 0
--------------------------------------------------------------
============================End===============================


